<?xml version="1.0" encoding="UTF-8"?>
<testsuite xmlns:xsi="http://www.w3.org/2001/XMLSchema-instance" xsi:noNamespaceSchemaLocation="https://maven.apache.org/surefire/maven-surefire-plugin/xsd/surefire-test-report.xsd" version="3.0.2" name="com.example.employee_crud_backend.EmployeeCrudBackendApplicationTests" time="6.277" tests="1" errors="0" skipped="0" failures="0">
  <properties>
[...]
</properties>
  <testcase name="contextLoads" classname="com.example.employee_crud_backend.EmployeeCrudBackendApplicationTests" time="0.575">
    <system-out><![CDATA[22:58:25.425 [main] INFO org.springframework.test.context.support.AnnotationConfigContextLoaderUtils -- Could not detect default configuration classes for test class [com.example.employee_crud_backend.EmployeeCrudBackendApplicationTests]: EmployeeCrudBackendApplicationTests does not declare any static, non-private, non-final, nested classes annotated with @Configuration.
22:58:25.582 [main] INFO org.springframework.boot.test.context.SpringBootTestContextBootstrapper -- Found @SpringBootConfiguration com.example.employee_crud_backend.EmployeeCrudBackendApplication for test class com.example.employee_crud_backend.EmployeeCrudBackendApplicationTests

  .   ____          _            __ _ _
 /\\ / ___'_ __ _ _(_)_ __  __ _ \ \ \ \
( ( )\___ | '_ | '_| | '_ \/ _` | \ \ \ \
 \\/  ___)| |_)| | | | | || (_| |  ) ) ) )
  '  |____| .__|_| |_|_| |_\__, | / / / /
 =========|_|==============|___/=/_/_/_/

 :: Spring Boot ::                (v3.4.5)

2025-05-13T22:58:26.201+05:30  INFO 24484 --- [employee-crud-backend] [           main] .e.e.EmployeeCrudBackendApplicationTests : Starting EmployeeCrudBackendApplicationTests using Java 21.0.6 with PID 24484 (started by Rahul Roy in E:\employee-crud-backend)
2025-05-13T22:58:26.204+05:30  INFO 24484 --- [employee-crud-backend] [           main] .e.e.EmployeeCrudBackendApplicationTests : No active profile set, falling back to 1 default profile: "default"
2025-05-13T22:58:27.214+05:30  INFO 24484 --- [employee-crud-backend] [           main] .s.d.r.c.RepositoryConfigurationDelegate : Bootstrapping Spring Data JPA repositories in DEFAULT mode.
2025-05-13T22:58:27.304+05:30  INFO 24484 --- [employee-crud-backend] [           main] .s.d.r.c.RepositoryConfigurationDelegate : Finished Spring Data repository scanning in 73 ms. Found 1 JPA repository interface.
2025-05-13T22:58:27.877+05:30  INFO 24484 --- [employee-crud-backend] [           main] o.hibernate.jpa.internal.util.LogHelper  : HHH000204: Processing PersistenceUnitInfo [name: default]
2025-05-13T22:58:27.964+05:30  INFO 24484 --- [employee-crud-backend] [           main] org.hibernate.Version                    : HHH000412: Hibernate ORM core version 6.6.13.Final
2025-05-13T22:58:28.011+05:30  INFO 24484 --- [employee-crud-backend] [           main] o.h.c.internal.RegionFactoryInitiator    : HHH000026: Second-level cache disabled
2025-05-13T22:58:28.388+05:30  INFO 24484 --- [employee-crud-backend] [           main] o.s.o.j.p.SpringPersistenceUnitInfo      : No LoadTimeWeaver setup: ignoring JPA class transformer
2025-05-13T22:58:28.446+05:30  INFO 24484 --- [employee-crud-backend] [           main] com.zaxxer.hikari.HikariDataSource       : HikariPool-1 - Starting...
2025-05-13T22:58:28.737+05:30  INFO 24484 --- [employee-crud-backend] [           main] com.zaxxer.hikari.pool.HikariPool        : HikariPool-1 - Added connection conn0: url=jdbc:h2:mem:employeedb user=SA
2025-05-13T22:58:28.740+05:30  INFO 24484 --- [employee-crud-backend] [           main] com.zaxxer.hikari.HikariDataSource       : HikariPool-1 - Start completed.
2025-05-13T22:58:28.775+05:30  WARN 24484 --- [employee-crud-backend] [           main] org.hibernate.orm.deprecation            : HHH90000025: H2Dialect does not need to be specified explicitly using 'hibernate.dialect' (remove the property setting and it will be selected by default)
2025-05-13T22:58:28.808+05:30  INFO 24484 --- [employee-crud-backend] [           main] org.hibernate.orm.connections.pooling    : HHH10001005: Database info:
	Database JDBC URL [Connecting through datasource 'HikariDataSource (HikariPool-1)']
	Database driver: undefined/unknown
	Database version: 2.3.232
	Autocommit mode: undefined/unknown
	Isolation level: undefined/unknown
	Minimum pool size: undefined/unknown
	Maximum pool size: undefined/unknown
2025-05-13T22:58:29.719+05:30  INFO 24484 --- [employee-crud-backend] [           main] o.h.e.t.j.p.i.JtaPlatformInitiator       : HHH000489: No JTA platform available (set 'hibernate.transaction.jta.platform' to enable JTA platform integration)
2025-05-13T22:58:29.770+05:30  INFO 24484 --- [employee-crud-backend] [           main] j.LocalContainerEntityManagerFactoryBean : Initialized JPA EntityManagerFactory for persistence unit 'default'
2025-05-13T22:58:30.321+05:30  WARN 24484 --- [employee-crud-backend] [           main] JpaBaseConfiguration$JpaWebConfiguration : spring.jpa.open-in-view is enabled by default. Therefore, database queries may be performed during view rendering. Explicitly configure spring.jpa.open-in-view to disable this warning
2025-05-13T22:58:30.806+05:30  INFO 24484 --- [employee-crud-backend] [           main] o.s.b.a.h2.H2ConsoleAutoConfiguration    : H2 console available at '/h2-console'. Database available at 'jdbc:h2:mem:employeedb'
2025-05-13T22:58:30.905+05:30  INFO 24484 --- [employee-crud-backend] [           main] .e.e.EmployeeCrudBackendApplicationTests : Started EmployeeCrudBackendApplicationTests in 5.106 seconds (process running for 6.43)
]]></system-out>
    <system-err><![CDATA[Mockito is currently self-attaching to enable the inline-mock-maker. This will no longer work in future releases of the JDK. Please add Mockito as an agent to your build what is described in Mockito's documentation: https://javadoc.io/doc/org.mockito/mockito-core/latest/org/mockito/Mockito.html#0.3
WARNING: A Java agent has been loaded dynamically (C:\Users\Rahul Roy\.m2\repository\net\bytebuddy\byte-buddy-agent\1.15.11\byte-buddy-agent-1.15.11.jar)
WARNING: If a serviceability tool is in use, please run with -XX:+EnableDynamicAgentLoading to hide this warning
WARNING: If a serviceability tool is not in use, please run with -Djdk.instrument.traceUsage for more information
WARNING: Dynamic loading of agents will be disallowed by default in a future release
]]></system-err>
  </testcase>
</testsuite>